<?xml version="1.0" encoding="UTF-8"?>
<!-- Generated by org.testng.reporters.JUnitReportReporter -->
<testsuite hostname="ip-192-168-29-208.ap-south-1.compute.internal" failures="0" tests="1" name="testcases.TC_01" time="10.181" errors="0" timestamp="25 Aug 2021 12:23:48 GMT" skipped="0">
  <testcase classname="testcases.TC_01" name="TC_01_FreshCar" time="10.181"/>
</testsuite> <!-- testcases.TC_01 -->
