<?xml version="1.0" encoding="UTF-8"?>
<!-- Generated by org.testng.reporters.JUnitReportReporter -->
<testsuite hostname="ip-192-168-29-208.ap-south-1.compute.internal" failures="0" tests="1" name="testcases.Flow_01_Insure_FreshCar" time="7.611" errors="0" timestamp="26 Aug 2021 05:21:17 GMT" skipped="0">
  <testcase classname="testcases.Flow_01_Insure_FreshCar" name="TC_01__Insured_An_Private_Fresh_car" time="7.611"/>
</testsuite> <!-- testcases.Flow_01_Insure_FreshCar -->
